<?xml version="1.0" encoding="UTF-8"?>
<!-- Generated by org.testng.reporters.JUnitXMLReporter -->
<testsuite ignored="0" hostname="LAPTOP-55P5JAS8" failures="0" tests="5" name="Default test" time="80.299" errors="0" timestamp="2024-03-26T20:49:43 IST">
  <testcase classname="vtigerOrgTests.CreateMultipleOrgWithIndustryTest" name="createMultipleOrgWithIndustryTest" time="7.559"/>
  <testcase classname="vtigerOrgTests.CreateMultipleOrgWithIndustryTest" name="createMultipleOrgWithIndustryTest" time="8.024"/>
  <testcase classname="vtigerOrgTests.CreateMultipleOrgWithIndustryTest" name="createMultipleOrgWithIndustryTest" time="8.258"/>
  <testcase classname="vtigerOrgTests.CreateMultipleOrgWithIndustryTest" name="createMultipleOrgWithIndustryTest" time="8.348"/>
  <testcase classname="vtigerOrgTests.CreateMultipleOrgWithIndustryTest" name="createMultipleOrgWithIndustryTest" time="9.762"/>
</testsuite> <!-- Default test -->
