<?xml version="1.0" encoding="UTF-8"?>
<!-- Generated by org.testng.reporters.JUnitXMLReporter -->
<testsuite ignored="1" hostname="LAPTOP-55P5JAS8" failures="0" tests="1" name="Test" time="37.0" errors="0" timestamp="2024-03-28T14:01:56 IST">
  <testcase classname="vtigerContactTests.CreateContactWithOrgTest" name="createContactWithOrgTest" time="21.279"/>
  <testcase classname="vtigerContactTests.CreateContactWithOrgTest" name="demo" time="0.0">
    <ignored/>
  </testcase> <!-- demo -->
</testsuite> <!-- Test -->
