<?xml version="1.0" encoding="UTF-8"?>
<!-- Generated by org.testng.reporters.JUnitXMLReporter -->
<testsuite ignored="4" hostname="LAPTOP-55P5JAS8" failures="0" tests="8" name="Test" time="309.874" errors="0" timestamp="2024-03-28T12:56:56 IST">
  <testcase classname="vtigerContactTests.CreateContactWithOrgTest" name="createContactWithOrgTest" time="44.465"/>
  <testcase classname="vtigerContactTests.CreateContactWithOrgTest" name="demo" time="0.006"/>
  <testcase classname="vtigerOrgTests.CreateMultipleOrgWithIndustryTest" name="createMultipleOrgWithIndustryTest" time="15.366"/>
  <testcase classname="vtigerOrgTests.CreateMultipleOrgWithIndustryTest" name="createMultipleOrgWithIndustryTest" time="12.357"/>
  <testcase classname="vtigerOrgTests.CreateMultipleOrgWithIndustryTest" name="createMultipleOrgWithIndustryTest" time="18.355"/>
  <testcase classname="vtigerOrgTests.CreateMultipleOrgWithIndustryTest" name="createMultipleOrgWithIndustryTest" time="15.866"/>
  <testcase classname="vtigerOrgTests.CreateMultipleOrgWithIndustryTest" name="createMultipleOrgWithIndustryTest" time="14.901"/>
  <testcase classname="vtigerOrgTests.CreateOrgWithIndustryTest" name="createOrgWithIndustryTest" time="17.031"/>
  <testcase classname="vtiger.GenericUtilities.BaseClass" name="@AfterSuite asConfig" time="0.0">
    <ignored/>
  </testcase> <!-- @AfterSuite asConfig -->
  <testcase classname="vtiger.GenericUtilities.BaseClass" name="@BeforeSuite bsConfig" time="0.0">
    <ignored/>
  </testcase> <!-- @BeforeSuite bsConfig -->
  <testcase classname="vtiger.GenericUtilities.BaseClass" name="@BeforeSuite bsConfig" time="0.0">
    <ignored/>
  </testcase> <!-- @BeforeSuite bsConfig -->
  <testcase classname="vtiger.GenericUtilities.BaseClass" name="@AfterSuite asConfig" time="0.0">
    <ignored/>
  </testcase> <!-- @AfterSuite asConfig -->
</testsuite> <!-- Test -->
