<?xml version="1.0" encoding="UTF-8"?>
<testng-results ignored="0" total="1" passed="1" failed="0" skipped="0">
  <reporter-output>
    <line>
      <![CDATA[Clicked on org link]]>
    </line>
    <line>
      <![CDATA[Clicked on org look up imgage]]>
    </line>
    <line>
      <![CDATA[Org created]]>
    </line>
    <line>
      <![CDATA[Clicked on contacts link]]>
    </line>
    <line>
      <![CDATA[Clicked on contact look up image]]>
    </line>
    <line>
      <![CDATA[Contact created]]>
    </line>
  </reporter-output>
  <suite started-at="2024-03-28T14:01:19 IST" name="Suite" finished-at="2024-03-28T14:01:56 IST" duration-ms="37000">
    <groups>
      <group name="SomeSuite">
        <method signature="CreateContactWithOrgTest.createContactWithOrgTest()[pri:0, instance:vtigerContactTests.CreateContactWithOrgTest@71e9ddb4]" name="createContactWithOrgTest" class="vtigerContactTests.CreateContactWithOrgTest"/>
      </group> <!-- SomeSuite -->
    </groups>
    <test started-at="2024-03-28T14:01:19 IST" name="Test" finished-at="2024-03-28T14:01:56 IST" duration-ms="37000">
      <class name="vtigerContactTests.CreateContactWithOrgTest">
        <test-method is-config="true" signature="bsConfig()[pri:0, instance:vtigerContactTests.CreateContactWithOrgTest@71e9ddb4]" started-at="2024-03-28T14:01:19 IST" name="bsConfig" finished-at="2024-03-28T14:01:19 IST" duration-ms="24" status="PASS">
          <reporter-output>
          </reporter-output>
        </test-method> <!-- bsConfig -->
        <test-method is-config="true" signature="bcConfig()[pri:0, instance:vtigerContactTests.CreateContactWithOrgTest@71e9ddb4]" started-at="2024-03-28T14:01:20 IST" name="bcConfig" finished-at="2024-03-28T14:01:27 IST" duration-ms="6741" status="PASS">
          <reporter-output>
          </reporter-output>
        </test-method> <!-- bcConfig -->
        <test-method is-config="true" signature="bmConfig()[pri:0, instance:vtigerContactTests.CreateContactWithOrgTest@71e9ddb4]" started-at="2024-03-28T14:01:27 IST" name="bmConfig" finished-at="2024-03-28T14:01:31 IST" duration-ms="4478" status="PASS">
          <reporter-output>
          </reporter-output>
        </test-method> <!-- bmConfig -->
        <test-method signature="createContactWithOrgTest()[pri:0, instance:vtigerContactTests.CreateContactWithOrgTest@71e9ddb4]" started-at="2024-03-28T14:01:31 IST" name="createContactWithOrgTest" finished-at="2024-03-28T14:01:53 IST" duration-ms="21279" status="PASS">
          <reporter-output>
            <line>
              <![CDATA[Clicked on org link]]>
            </line>
            <line>
              <![CDATA[Clicked on org look up imgage]]>
            </line>
            <line>
              <![CDATA[Org created]]>
            </line>
            <line>
              <![CDATA[Clicked on contacts link]]>
            </line>
            <line>
              <![CDATA[Clicked on contact look up image]]>
            </line>
            <line>
              <![CDATA[Contact created]]>
            </line>
          </reporter-output>
        </test-method> <!-- createContactWithOrgTest -->
        <test-method is-config="true" signature="amConfig()[pri:0, instance:vtigerContactTests.CreateContactWithOrgTest@71e9ddb4]" started-at="2024-03-28T14:01:53 IST" name="amConfig" finished-at="2024-03-28T14:01:54 IST" duration-ms="1484" status="PASS">
          <reporter-output>
          </reporter-output>
        </test-method> <!-- amConfig -->
        <test-method is-config="true" signature="acConfig()[pri:0, instance:vtigerContactTests.CreateContactWithOrgTest@71e9ddb4]" started-at="2024-03-28T14:01:54 IST" name="acConfig" finished-at="2024-03-28T14:01:56 IST" duration-ms="1635" status="PASS">
          <reporter-output>
          </reporter-output>
        </test-method> <!-- acConfig -->
        <test-method is-config="true" signature="asConfig()[pri:0, instance:vtigerContactTests.CreateContactWithOrgTest@71e9ddb4]" started-at="2024-03-28T14:01:57 IST" name="asConfig" finished-at="2024-03-28T14:01:57 IST" duration-ms="0" status="PASS">
          <reporter-output>
          </reporter-output>
        </test-method> <!-- asConfig -->
      </class> <!-- vtigerContactTests.CreateContactWithOrgTest -->
    </test> <!-- Test -->
  </suite> <!-- Suite -->
</testng-results>
